0 info it worked if it ends with ok
1 verbose cli [ '/usr/local/bin/node',
1 verbose cli   '/usr/local/bin/npm',
1 verbose cli   'install',
1 verbose cli   '-g',
1 verbose cli   'bower',
1 verbose cli   'update' ]
2 info using npm@2.14.2
3 info using node@v4.0.0
4 verbose install initial load of /usr/local/lib/package.json
5 verbose readDependencies loading dependencies from /usr/local/lib/package.json
6 silly cache add args [ 'bower', null ]
7 verbose cache add spec bower
8 silly cache add args [ 'update', null ]
9 verbose cache add spec update
10 silly cache add parsed spec Result {
10 silly cache add   raw: 'bower',
10 silly cache add   scope: null,
10 silly cache add   name: 'bower',
10 silly cache add   rawSpec: '',
10 silly cache add   spec: '*',
10 silly cache add   type: 'range' }
11 silly addNamed bower@*
12 verbose addNamed "*" is a valid semver range for bower
13 silly addNameRange { name: 'bower', range: '*', hasData: false }
14 silly mapToRegistry name bower
15 silly mapToRegistry using default registry
16 silly mapToRegistry registry https://registry.npmjs.org/
17 silly mapToRegistry uri https://registry.npmjs.org/bower
18 verbose addNameRange registry:https://registry.npmjs.org/bower not in flight; fetching
19 silly cache add parsed spec Result {
19 silly cache add   raw: 'update',
19 silly cache add   scope: null,
19 silly cache add   name: 'update',
19 silly cache add   rawSpec: '',
19 silly cache add   spec: '*',
19 silly cache add   type: 'range' }
20 silly addNamed update@*
21 verbose addNamed "*" is a valid semver range for update
22 silly addNameRange { name: 'update', range: '*', hasData: false }
23 silly mapToRegistry name update
24 silly mapToRegistry using default registry
25 silly mapToRegistry registry https://registry.npmjs.org/
26 silly mapToRegistry uri https://registry.npmjs.org/update
27 verbose addNameRange registry:https://registry.npmjs.org/update not in flight; fetching
28 verbose request uri https://registry.npmjs.org/update
29 verbose request no auth needed
30 info attempt registry request try #1 at 9:20:04 AM
31 verbose request id 086e06bb225f7c58
32 http request GET https://registry.npmjs.org/update
33 verbose request uri https://registry.npmjs.org/bower
34 verbose request no auth needed
35 info attempt registry request try #1 at 9:20:05 AM
36 verbose etag "CI9ZE21JVVDHB19IHVQLF5H7W"
37 http request GET https://registry.npmjs.org/bower
38 info retry will retry, error on last attempt: Error: connect ETIMEDOUT 185.31.19.162:443
39 info retry will retry, error on last attempt: Error: connect ETIMEDOUT 185.31.19.162:443
40 info attempt registry request try #2 at 9:22:25 AM
41 http request GET https://registry.npmjs.org/update
42 info attempt registry request try #2 at 9:22:25 AM
43 verbose etag "CI9ZE21JVVDHB19IHVQLF5H7W"
44 http request GET https://registry.npmjs.org/bower
45 info retry will retry, error on last attempt: Error: socket hang up
46 info attempt registry request try #3 at 9:24:43 AM
47 http request GET https://registry.npmjs.org/update
48 info retry will retry, error on last attempt: Error: read ETIMEDOUT
49 info attempt registry request try #3 at 9:41:10 AM
50 verbose etag "CI9ZE21JVVDHB19IHVQLF5H7W"
51 http request GET https://registry.npmjs.org/bower
52 silly get cb [ 304, undefined ]
53 verbose etag https://registry.npmjs.org/bower from cache
54 verbose get saving bower to /home/rexhouy/.npm/registry.npmjs.org/bower/.cache.json
55 silly addNameRange number 2 { name: 'bower', range: '*', hasData: true }
56 silly addNameRange versions [ 'bower',
56 silly addNameRange   [ '0.1.0',
56 silly addNameRange     '0.1.2',
56 silly addNameRange     '0.1.3',
56 silly addNameRange     '0.2.0',
56 silly addNameRange     '0.3.0',
56 silly addNameRange     '0.3.1',
56 silly addNameRange     '0.3.2',
56 silly addNameRange     '0.4.0',
56 silly addNameRange     '0.5.0',
56 silly addNameRange     '0.5.1',
56 silly addNameRange     '0.6.0',
56 silly addNameRange     '0.6.1',
56 silly addNameRange     '0.6.2',
56 silly addNameRange     '0.6.3',
56 silly addNameRange     '0.6.4',
56 silly addNameRange     '0.6.5',
56 silly addNameRange     '0.6.6',
56 silly addNameRange     '0.6.7',
56 silly addNameRange     '0.6.8',
56 silly addNameRange     '0.7.0',
56 silly addNameRange     '0.7.1',
56 silly addNameRange     '0.8.0',
56 silly addNameRange     '0.8.1',
56 silly addNameRange     '0.8.2',
56 silly addNameRange     '0.8.3',
56 silly addNameRange     '0.8.4',
56 silly addNameRange     '0.8.5',
56 silly addNameRange     '0.8.6',
56 silly addNameRange     '0.9.0',
56 silly addNameRange     '0.9.1',
56 silly addNameRange     '0.9.2',
56 silly addNameRange     '0.10.0',
56 silly addNameRange     '1.0.0',
56 silly addNameRange     '1.0.1',
56 silly addNameRange     '1.0.2',
56 silly addNameRange     '1.0.3',
56 silly addNameRange     '1.1.0',
56 silly addNameRange     '1.1.1',
56 silly addNameRange     '1.1.2',
56 silly addNameRange     '1.2.0',
56 silly addNameRange     '1.2.1',
56 silly addNameRange     '1.2.2',
56 silly addNameRange     '1.2.3',
56 silly addNameRange     '1.2.4',
56 silly addNameRange     '1.2.5',
56 silly addNameRange     '1.2.6',
56 silly addNameRange     '1.2.7',
56 silly addNameRange     '1.2.8',
56 silly addNameRange     '1.3.0',
56 silly addNameRange     '1.3.1',
56 silly addNameRange     '1.3.2',
56 silly addNameRange     '1.3.3',
56 silly addNameRange     '1.3.4',
56 silly addNameRange     '1.3.5',
56 silly addNameRange     '1.3.6',
56 silly addNameRange     '1.3.7',
56 silly addNameRange     '1.3.8',
56 silly addNameRange     '1.3.9',
56 silly addNameRange     '1.3.10',
56 silly addNameRange     '1.3.11',
56 silly addNameRange     '1.3.12',
56 silly addNameRange     '1.4.0',
56 silly addNameRange     '1.4.1' ] ]
57 silly addNamed bower@1.4.1
58 verbose addNamed "1.4.1" is a plain semver version for bower
59 silly cache afterAdd bower@1.4.1
60 verbose afterAdd /home/rexhouy/.npm/bower/1.4.1/package/package.json not in flight; writing
61 verbose afterAdd /home/rexhouy/.npm/bower/1.4.1/package/package.json written
62 verbose stack Error: connect ETIMEDOUT 103.245.222.162:443
62 verbose stack     at Object.exports._errnoException (util.js:837:11)
62 verbose stack     at exports._exceptionWithHostPort (util.js:860:20)
62 verbose stack     at TCPConnectWrap.afterConnect [as oncomplete] (net.js:1060:14)
63 verbose cwd /home/rexhouy/workspace/password-chrome
64 error Linux 3.16.0-51-generic
65 error argv "/usr/local/bin/node" "/usr/local/bin/npm" "install" "-g" "bower" "update"
66 error node v4.0.0
67 error npm  v2.14.2
68 error code ETIMEDOUT
69 error errno ETIMEDOUT
70 error syscall connect
71 error network connect ETIMEDOUT 103.245.222.162:443
71 error network This is most likely not a problem with npm itself
71 error network and is related to network connectivity.
71 error network In most cases you are behind a proxy or have bad network settings.
71 error network
71 error network If you are behind a proxy, please make sure that the
71 error network 'proxy' config is set properly.  See: 'npm help config'
72 verbose exit [ 1, true ]
